  Agent.cpp
d:\fundamentos\trabajofinal\proyectos\papuengine\agent.h(2): fatal error C1083: No se puede abrir el archivo incluir: 'glm\glm.hpp': No such file or directory
  App.cpp
d:\fundamentos\trabajofinal\proyectos\papuengine\window.h(2): fatal error C1083: No se puede abrir el archivo incluir: 'SDL\SDL.h': No such file or directory
  Background.cpp
d:\fundamentos\trabajofinal\proyectos\papuengine\spritebatch.h(2): fatal error C1083: No se puede abrir el archivo incluir: 'GL\glew.h': No such file or directory
  Button.cpp
d:\fundamentos\trabajofinal\proyectos\papuengine\spritebatch.h(2): fatal error C1083: No se puede abrir el archivo incluir: 'GL\glew.h': No such file or directory
  Camera2D.cpp
d:\fundamentos\trabajofinal\proyectos\papuengine\camera2d.h(3): fatal error C1083: No se puede abrir el archivo incluir: 'glm\glm.hpp': No such file or directory
  EndScreen.cpp
  Enemy.cpp
d:\fundamentos\trabajofinal\proyectos\papuengine\agent.h(2): fatal error C1083: No se puede abrir el archivo incluir: 'glm\glm.hpp': No such file or directory
  Error.cpp
  Game.cpp
d:\fundamentos\trabajofinal\proyectos\papuengine\window.h(2): fatal error C1083: No se puede abrir el archivo incluir: 'SDL\SDL.h': No such file or directory
  Gamer.cpp
d:\fundamentos\trabajofinal\proyectos\papuengine\agent.h(2): fatal error C1083: No se puede abrir el archivo incluir: 'glm\glm.hpp': No such file or directory
  GLS_Program.cpp
d:\fundamentos\trabajofinal\proyectos\papuengine\gls_program.h(2): fatal error C1083: No se puede abrir el archivo incluir: 'GL/glew.h': No such file or directory
  ImageLoader.cpp
d:\fundamentos\trabajofinal\proyectos\papuengine\gltexture.h(3): fatal error C1083: No se puede abrir el archivo incluir: 'GL/glew.h': No such file or directory
  InputManager.cpp
d:\fundamentos\trabajofinal\proyectos\papuengine\inputmanager.h(3): fatal error C1083: No se puede abrir el archivo incluir: 'glm\glm.hpp': No such file or directory
  IOManager.cpp
d:\fundamentos\trabajofinal\proyectos\papuengine\iomanager.cpp(15): warning C4244: 'inicializando': conversión de 'std::streamoff' a 'int'; posible pérdida de datos
d:\fundamentos\trabajofinal\proyectos\papuengine\iomanager.cpp(18): warning C4244: '-=': conversión de 'std::streamoff' a 'int'; posible pérdida de datos
  main.cpp
d:\fundamentos\trabajofinal\proyectos\papuengine\main.cpp(1): fatal error C1083: No se puede abrir el archivo incluir: 'SDL\SDL.h': No such file or directory
  MenuScreen.cpp
d:\fundamentos\trabajofinal\proyectos\papuengine\window.h(2): fatal error C1083: No se puede abrir el archivo incluir: 'SDL\SDL.h': No such file or directory
  PapuEngine.cpp
d:\fundamentos\trabajofinal\proyectos\papuengine\papuengine.cpp(1): fatal error C1083: No se puede abrir el archivo incluir: 'SDL\SDL.h': No such file or directory
  picoPNG.cpp
  PlayScreen.cpp
d:\fundamentos\trabajofinal\proyectos\papuengine\camera2d.h(3): fatal error C1083: No se puede abrir el archivo incluir: 'glm\glm.hpp': No such file or directory
  ResourceManager.cpp
d:\fundamentos\trabajofinal\proyectos\papuengine\gltexture.h(3): fatal error C1083: No se puede abrir el archivo incluir: 'GL/glew.h': No such file or directory
  Generando código...
  Compilando...
  ScreenList.cpp
d:\fundamentos\trabajofinal\proyectos\papuengine\screenlist.cpp(13): warning C4267: '=': conversión de 'size_t' a 'int'; posible pérdida de datos
  Sound.cpp
d:\fundamentos\trabajofinal\proyectos\papuengine\sound.h(2): fatal error C1083: No se puede abrir el archivo incluir: 'SDL/SDL.h': No such file or directory
  SoundCache.cpp
d:\fundamentos\trabajofinal\proyectos\papuengine\sound.h(2): fatal error C1083: No se puede abrir el archivo incluir: 'SDL/SDL.h': No such file or directory
  Sprite.cpp
d:\fundamentos\trabajofinal\proyectos\papuengine\sprite.h(2): fatal error C1083: No se puede abrir el archivo incluir: 'GL\glew.h': No such file or directory
  SpriteBatch.cpp
d:\fundamentos\trabajofinal\proyectos\papuengine\spritebatch.h(2): fatal error C1083: No se puede abrir el archivo incluir: 'GL\glew.h': No such file or directory
  SpriteFont.cpp
d:\fundamentos\trabajofinal\proyectos\papuengine\spritefont.h(27): fatal error C1083: No se puede abrir el archivo incluir: 'TTF/SDL_ttf.h': No such file or directory
  TextureCache.cpp
d:\fundamentos\trabajofinal\proyectos\papuengine\gltexture.h(3): fatal error C1083: No se puede abrir el archivo incluir: 'GL/glew.h': No such file or directory
  Timing.cpp
d:\fundamentos\trabajofinal\proyectos\papuengine\timing.cpp(2): fatal error C1083: No se puede abrir el archivo incluir: 'SDL\SDL.h': No such file or directory
  Window.cpp
d:\fundamentos\trabajofinal\proyectos\papuengine\window.h(2): fatal error C1083: No se puede abrir el archivo incluir: 'SDL\SDL.h': No such file or directory
  Generando código...
