d:\fundamentos\lvaldivia\tarea3\proyectos\papuengine\debug\vc141.pdb
d:\fundamentos\lvaldivia\tarea3\proyectos\papuengine\debug\vc141.idb
d:\fundamentos\lvaldivia\tarea3\proyectos\papuengine\debug\resourcemanager.obj
d:\fundamentos\lvaldivia\tarea3\proyectos\papuengine\debug\playscreen.obj
d:\fundamentos\lvaldivia\tarea3\proyectos\papuengine\debug\picopng.obj
d:\fundamentos\lvaldivia\tarea3\proyectos\papuengine\debug\papuengine.obj
d:\fundamentos\lvaldivia\tarea3\proyectos\papuengine\debug\menuscreen.obj
d:\fundamentos\lvaldivia\tarea3\proyectos\papuengine\debug\main.obj
d:\fundamentos\lvaldivia\tarea3\proyectos\papuengine\debug\iomanager.obj
d:\fundamentos\lvaldivia\tarea3\proyectos\papuengine\debug\inputmanager.obj
d:\fundamentos\lvaldivia\tarea3\proyectos\papuengine\debug\imageloader.obj
d:\fundamentos\lvaldivia\tarea3\proyectos\papuengine\debug\gls_program.obj
d:\fundamentos\lvaldivia\tarea3\proyectos\papuengine\debug\gamer.obj
d:\fundamentos\lvaldivia\tarea3\proyectos\papuengine\debug\game.obj
d:\fundamentos\lvaldivia\tarea3\proyectos\papuengine\debug\error.obj
d:\fundamentos\lvaldivia\tarea3\proyectos\papuengine\debug\enemy.obj
d:\fundamentos\lvaldivia\tarea3\proyectos\papuengine\debug\endscreen.obj
d:\fundamentos\lvaldivia\tarea3\proyectos\papuengine\debug\camera2d.obj
d:\fundamentos\lvaldivia\tarea3\proyectos\papuengine\debug\button.obj
d:\fundamentos\lvaldivia\tarea3\proyectos\papuengine\debug\background.obj
d:\fundamentos\lvaldivia\tarea3\proyectos\papuengine\debug\app.obj
d:\fundamentos\lvaldivia\tarea3\proyectos\papuengine\debug\agent.obj
d:\fundamentos\lvaldivia\tarea3\proyectos\papuengine\debug\window.obj
d:\fundamentos\lvaldivia\tarea3\proyectos\papuengine\debug\timing.obj
d:\fundamentos\lvaldivia\tarea3\proyectos\papuengine\debug\texturecache.obj
d:\fundamentos\lvaldivia\tarea3\proyectos\papuengine\debug\spritefont.obj
d:\fundamentos\lvaldivia\tarea3\proyectos\papuengine\debug\spritebatch.obj
d:\fundamentos\lvaldivia\tarea3\proyectos\papuengine\debug\sprite.obj
d:\fundamentos\lvaldivia\tarea3\proyectos\papuengine\debug\soundcache.obj
d:\fundamentos\lvaldivia\tarea3\proyectos\papuengine\debug\sound.obj
d:\fundamentos\lvaldivia\tarea3\proyectos\papuengine\debug\screenlist.obj
d:\fundamentos\lvaldivia\tarea3\proyectos\debug\papuengine.pdb
d:\fundamentos\lvaldivia\tarea3\proyectos\papuengine\debug\papuengine.tlog\cl.command.1.tlog
d:\fundamentos\lvaldivia\tarea3\proyectos\papuengine\debug\papuengine.tlog\cl.read.1.tlog
d:\fundamentos\lvaldivia\tarea3\proyectos\papuengine\debug\papuengine.tlog\cl.write.1.tlog
d:\fundamentos\lvaldivia\tarea3\proyectos\papuengine\debug\papuengine.tlog\link-cvtres.read.1.tlog
d:\fundamentos\lvaldivia\tarea3\proyectos\papuengine\debug\papuengine.tlog\link-cvtres.write.1.tlog
d:\fundamentos\lvaldivia\tarea3\proyectos\papuengine\debug\papuengine.tlog\link-rc.read.1.tlog
d:\fundamentos\lvaldivia\tarea3\proyectos\papuengine\debug\papuengine.tlog\link-rc.write.1.tlog
d:\fundamentos\lvaldivia\tarea3\proyectos\papuengine\debug\papuengine.tlog\link.command.1.tlog
d:\fundamentos\lvaldivia\tarea3\proyectos\papuengine\debug\papuengine.tlog\link.read.1.tlog
d:\fundamentos\lvaldivia\tarea3\proyectos\papuengine\debug\papuengine.tlog\link.write.1.tlog
